C:\Users\valen\AppData\Local\Programs\Python\Python37-32\python.exe C:/Users/valen/Desktop/Levothyscan-master/script.py
Recherche de <levothyrox> dans la rubrique <18*sante>
32 page(s) sur le sujet <levothyrox> dans la rubrique <18*sante> (limité à 100 topics par page)
telechargement de page 1 sur 32
telechargement de page 2 sur 32
telechargement de page 3 sur 32
telechargement de page 4 sur 32
telechargement de page 5 sur 32
telechargement de page 6 sur 32
telechargement de page 7 sur 32
telechargement de page 8 sur 32
telechargement de page 9 sur 32
telechargement de page 10 sur 32
telechargement de page 11 sur 32
telechargement de page 12 sur 32
telechargement de page 13 sur 32
telechargement de page 14 sur 32
telechargement de page 15 sur 32
telechargement de page 16 sur 32
telechargement de page 17 sur 32
telechargement de page 18 sur 32
telechargement de page 19 sur 32
telechargement de page 20 sur 32
telechargement de page 21 sur 32
telechargement de page 22 sur 32
telechargement de page 23 sur 32
telechargement de page 24 sur 32
telechargement de page 25 sur 32
telechargement de page 26 sur 32
telechargement de page 27 sur 32
telechargement de page 28 sur 32
telechargement de page 29 sur 32
telechargement de page 30 sur 32
telechargement de page 31 sur 32
telechargement de page 32 sur 32
nb de topic = 7650
1 topics extrait sur 7650. Messages récoltés : 1
2 topics extrait sur 7650. Messages récoltés : 6
3 topics extrait sur 7650. Messages récoltés : 18
4 topics extrait sur 7650. Messages récoltés : 18
5 topics extrait sur 7650. Messages récoltés : 137
6 topics extrait sur 7650. Messages récoltés : 313
7 topics extrait sur 7650. Messages récoltés : 313
8 topics extrait sur 7650. Messages récoltés : 354
9 topics extrait sur 7650. Messages récoltés : 354
10 topics extrait sur 7650. Messages récoltés : 377
11 topics extrait sur 7650. Messages récoltés : 377
12 topics extrait sur 7650. Messages récoltés : 401
13 topics extrait sur 7650. Messages récoltés : 410
14 topics extrait sur 7650. Messages récoltés : 410
15 topics extrait sur 7650. Messages récoltés : 423
16 topics extrait sur 7650. Messages récoltés : 423
17 topics extrait sur 7650. Messages récoltés : 448
18 topics extrait sur 7650. Messages récoltés : 448
19 topics extrait sur 7650. Messages récoltés : 474
20 topics extrait sur 7650. Messages récoltés : 474
21 topics extrait sur 7650. Messages récoltés : 492
22 topics extrait sur 7650. Messages récoltés : 492
23 topics extrait sur 7650. Messages récoltés : 535
24 topics extrait sur 7650. Messages récoltés : 535
25 topics extrait sur 7650. Messages récoltés : 555
26 topics extrait sur 7650. Messages récoltés : 557
27 topics extrait sur 7650. Messages récoltés : 557
28 topics extrait sur 7650. Messages récoltés : 561
29 topics extrait sur 7650. Messages récoltés : 572
30 topics extrait sur 7650. Messages récoltés : 572
31 topics extrait sur 7650. Messages récoltés : 604
32 topics extrait sur 7650. Messages récoltés : 619
33 topics extrait sur 7650. Messages récoltés : 619
34 topics extrait sur 7650. Messages récoltés : 643
35 topics extrait sur 7650. Messages récoltés : 652
36 topics extrait sur 7650. Messages récoltés : 652
37 topics extrait sur 7650. Messages récoltés : 685
38 topics extrait sur 7650. Messages récoltés : 692
39 topics extrait sur 7650. Messages récoltés : 704
40 topics extrait sur 7650. Messages récoltés : 704
41 topics extrait sur 7650. Messages récoltés : 723
42 topics extrait sur 7650. Messages récoltés : 726
43 topics extrait sur 7650. Messages récoltés : 726
44 topics extrait sur 7650. Messages récoltés : 768
45 topics extrait sur 7650. Messages récoltés : 768
46 topics extrait sur 7650. Messages récoltés : 781
47 topics extrait sur 7650. Messages récoltés : 781
48 topics extrait sur 7650. Messages récoltés : 787
49 topics extrait sur 7650. Messages récoltés : 788
50 topics extrait sur 7650. Messages récoltés : 788
51 topics extrait sur 7650. Messages récoltés : 799
52 topics extrait sur 7650. Messages récoltés : 799
53 topics extrait sur 7650. Messages récoltés : 807
54 topics extrait sur 7650. Messages récoltés : 807
55 topics extrait sur 7650. Messages récoltés : 827
56 topics extrait sur 7650. Messages récoltés : 827
57 topics extrait sur 7650. Messages récoltés : 847
58 topics extrait sur 7650. Messages récoltés : 847
59 topics extrait sur 7650. Messages récoltés : 865
60 topics extrait sur 7650. Messages récoltés : 880
61 topics extrait sur 7650. Messages récoltés : 880
62 topics extrait sur 7650. Messages récoltés : 925
63 topics extrait sur 7650. Messages récoltés : 950
64 topics extrait sur 7650. Messages récoltés : 950
65 topics extrait sur 7650. Messages récoltés : 993
66 topics extrait sur 7650. Messages récoltés : 993
67 topics extrait sur 7650. Messages récoltés : 994
68 topics extrait sur 7650. Messages récoltés : 1000
69 topics extrait sur 7650. Messages récoltés : 1040
70 topics extrait sur 7650. Messages récoltés : 1046
71 topics extrait sur 7650. Messages récoltés : 1046
72 topics extrait sur 7650. Messages récoltés : 1056
73 topics extrait sur 7650. Messages récoltés : 1056
74 topics extrait sur 7650. Messages récoltés : 1095
75 topics extrait sur 7650. Messages récoltés : 1110
76 topics extrait sur 7650. Messages récoltés : 1110
77 topics extrait sur 7650. Messages récoltés : 1134
78 topics extrait sur 7650. Messages récoltés : 1176
79 topics extrait sur 7650. Messages récoltés : 1176
80 topics extrait sur 7650. Messages récoltés : 1201
81 topics extrait sur 7650. Messages récoltés : 1251
WARNING : topic ">Qui prend ou va prendre L-Thyroxin Henning en remplacement du Lévo ?" contient 13 pages. Risque probable de perte de 50 messages sur 650 pour chaque erreur ci-dessous :
          Code erreur "ConnectionResetError: [WinError 10054] An existing connection was forcibly closed by the remote host"
82 topics extrait sur 7650. Messages récoltés : 1260
83 topics extrait sur 7650. Messages récoltés : 1737
84 topics extrait sur 7650. Messages récoltés : 1894
85 topics extrait sur 7650. Messages récoltés : 1894
86 topics extrait sur 7650. Messages récoltés : 1894
87 topics extrait sur 7650. Messages récoltés : 1936
88 topics extrait sur 7650. Messages récoltés : 1936
89 topics extrait sur 7650. Messages récoltés : 1936
90 topics extrait sur 7650. Messages récoltés : 1979
91 topics extrait sur 7650. Messages récoltés : 1979
92 topics extrait sur 7650. Messages récoltés : 1988
93 topics extrait sur 7650. Messages récoltés : 1988
94 topics extrait sur 7650. Messages récoltés : 2000
95 topics extrait sur 7650. Messages récoltés : 2008
96 topics extrait sur 7650. Messages récoltés : 2113
97 topics extrait sur 7650. Messages récoltés : 2166
98 topics extrait sur 7650. Messages récoltés : 2166
99 topics extrait sur 7650. Messages récoltés : 2189
100 topics extrait sur 7650. Messages récoltés : 2239
101 topics extrait sur 7650. Messages récoltés : 2270
102 topics extrait sur 7650. Messages récoltés : 2276
103 topics extrait sur 7650. Messages récoltés : 2276
104 topics extrait sur 7650. Messages récoltés : 2302
105 topics extrait sur 7650. Messages récoltés : 2306
106 topics extrait sur 7650. Messages récoltés : 2318
107 topics extrait sur 7650. Messages récoltés : 2318
108 topics extrait sur 7650. Messages récoltés : 2336
109 topics extrait sur 7650. Messages récoltés : 2353
110 topics extrait sur 7650. Messages récoltés : 2353
111 topics extrait sur 7650. Messages récoltés : 2368
112 topics extrait sur 7650. Messages récoltés : 2384
113 topics extrait sur 7650. Messages récoltés : 2396
114 topics extrait sur 7650. Messages récoltés : 2396
115 topics extrait sur 7650. Messages récoltés : 2420
116 topics extrait sur 7650. Messages récoltés : 2426
117 topics extrait sur 7650. Messages récoltés : 2426
118 topics extrait sur 7650. Messages récoltés : 2444
119 topics extrait sur 7650. Messages récoltés : 2444
120 topics extrait sur 7650. Messages récoltés : 2458
121 topics extrait sur 7650. Messages récoltés : 2467
122 topics extrait sur 7650. Messages récoltés : 2467
123 topics extrait sur 7650. Messages récoltés : 2476
124 topics extrait sur 7650. Messages récoltés : 2489
125 topics extrait sur 7650. Messages récoltés : 2489
126 topics extrait sur 7650. Messages récoltés : 2502
127 topics extrait sur 7650. Messages récoltés : 2517
128 topics extrait sur 7650. Messages récoltés : 2517
129 topics extrait sur 7650. Messages récoltés : 2564
130 topics extrait sur 7650. Messages récoltés : 2594
131 topics extrait sur 7650. Messages récoltés : 2657
132 topics extrait sur 7650. Messages récoltés : 2657
133 topics extrait sur 7650. Messages récoltés : 2707
134 topics extrait sur 7650. Messages récoltés : 2773
135 topics extrait sur 7650. Messages récoltés : 2794
136 topics extrait sur 7650. Messages récoltés : 2794
137 topics extrait sur 7650. Messages récoltés : 2806
138 topics extrait sur 7650. Messages récoltés : 2822
139 topics extrait sur 7650. Messages récoltés : 2822
140 topics extrait sur 7650. Messages récoltés : 2832
141 topics extrait sur 7650. Messages récoltés : 2834
142 topics extrait sur 7650. Messages récoltés : 2834
143 topics extrait sur 7650. Messages récoltés : 2851
144 topics extrait sur 7650. Messages récoltés : 2866
145 topics extrait sur 7650. Messages récoltés : 2866
146 topics extrait sur 7650. Messages récoltés : 2883
147 topics extrait sur 7650. Messages récoltés : 2891
148 topics extrait sur 7650. Messages récoltés : 2891
149 topics extrait sur 7650. Messages récoltés : 2906
150 topics extrait sur 7650. Messages récoltés : 2956
151 topics extrait sur 7650. Messages récoltés : 2963
152 topics extrait sur 7650. Messages récoltés : 2981
153 topics extrait sur 7650. Messages récoltés : 2981
154 topics extrait sur 7650. Messages récoltés : 2993
155 topics extrait sur 7650. Messages récoltés : 3006
156 topics extrait sur 7650. Messages récoltés : 3006
157 topics extrait sur 7650. Messages récoltés : 3026
158 topics extrait sur 7650. Messages récoltés : 3042
159 topics extrait sur 7650. Messages récoltés : 3042
160 topics extrait sur 7650. Messages récoltés : 3066
161 topics extrait sur 7650. Messages récoltés : 3070
162 topics extrait sur 7650. Messages récoltés : 3070
163 topics extrait sur 7650. Messages récoltés : 3090
164 topics extrait sur 7650. Messages récoltés : 3097
165 topics extrait sur 7650. Messages récoltés : 3097
166 topics extrait sur 7650. Messages récoltés : 3198
167 topics extrait sur 7650. Messages récoltés : 3248
168 topics extrait sur 7650. Messages récoltés : 3289
169 topics extrait sur 7650. Messages récoltés : 3289
170 topics extrait sur 7650. Messages récoltés : 3321
171 topics extrait sur 7650. Messages récoltés : 3346
172 topics extrait sur 7650. Messages récoltés : 3346
173 topics extrait sur 7650. Messages récoltés : 3360
174 topics extrait sur 7650. Messages récoltés : 3360
175 topics extrait sur 7650. Messages récoltés : 3376
176 topics extrait sur 7650. Messages récoltés : 3390
177 topics extrait sur 7650. Messages récoltés : 3395
178 topics extrait sur 7650. Messages récoltés : 3399
179 topics extrait sur 7650. Messages récoltés : 3399
180 topics extrait sur 7650. Messages récoltés : 3447
181 topics extrait sur 7650. Messages récoltés : 3447
182 topics extrait sur 7650. Messages récoltés : 3476
183 topics extrait sur 7650. Messages récoltés : 3498
184 topics extrait sur 7650. Messages récoltés : 3498
185 topics extrait sur 7650. Messages récoltés : 3599
186 topics extrait sur 7650. Messages récoltés : 3599
187 topics extrait sur 7650. Messages récoltés : 3623
188 topics extrait sur 7650. Messages récoltés : 3626
189 topics extrait sur 7650. Messages récoltés : 3626
190 topics extrait sur 7650. Messages récoltés : 3638
191 topics extrait sur 7650. Messages récoltés : 3638
192 topics extrait sur 7650. Messages récoltés : 3654
193 topics extrait sur 7650. Messages récoltés : 3658
194 topics extrait sur 7650. Messages récoltés : 3658
195 topics extrait sur 7650. Messages récoltés : 3672
196 topics extrait sur 7650. Messages récoltés : 3684
197 topics extrait sur 7650. Messages récoltés : 3684
198 topics extrait sur 7650. Messages récoltés : 3696
199 topics extrait sur 7650. Messages récoltés : 3710
200 topics extrait sur 7650. Messages récoltés : 3710
201 topics extrait sur 7650. Messages récoltés : 3726
202 topics extrait sur 7650. Messages récoltés : 3726
203 topics extrait sur 7650. Messages récoltés : 3740
204 topics extrait sur 7650. Messages récoltés : 3745
205 topics extrait sur 7650. Messages récoltés : 3746
206 topics extrait sur 7650. Messages récoltés : 3753
207 topics extrait sur 7650. Messages récoltés : 3753
208 topics extrait sur 7650. Messages récoltés : 3753
209 topics extrait sur 7650. Messages récoltés : 3793
210 topics extrait sur 7650. Messages récoltés : 3793
211 topics extrait sur 7650. Messages récoltés : 3826
212 topics extrait sur 7650. Messages récoltés : 3836
213 topics extrait sur 7650. Messages récoltés : 3836
214 topics extrait sur 7650. Messages récoltés : 3849
215 topics extrait sur 7650. Messages récoltés : 3852
216 topics extrait sur 7650. Messages récoltés : 3858
217 topics extrait sur 7650. Messages récoltés : 3870
218 topics extrait sur 7650. Messages récoltés : 3870
219 topics extrait sur 7650. Messages récoltés : 3889
220 topics extrait sur 7650. Messages récoltés : 3905
221 topics extrait sur 7650. Messages récoltés : 3905
222 topics extrait sur 7650. Messages récoltés : 3925
223 topics extrait sur 7650. Messages récoltés : 3925
224 topics extrait sur 7650. Messages récoltés : 3939
225 topics extrait sur 7650. Messages récoltés : 3939
226 topics extrait sur 7650. Messages récoltés : 3963
227 topics extrait sur 7650. Messages récoltés : 3967
228 topics extrait sur 7650. Messages récoltés : 3970
229 topics extrait sur 7650. Messages récoltés : 3973
230 topics extrait sur 7650. Messages récoltés : 3983
231 topics extrait sur 7650. Messages récoltés : 3983
232 topics extrait sur 7650. Messages récoltés : 3999
233 topics extrait sur 7650. Messages récoltés : 4012
234 topics extrait sur 7650. Messages récoltés : 4012
235 topics extrait sur 7650. Messages récoltés : 4038
236 topics extrait sur 7650. Messages récoltés : 4047
237 topics extrait sur 7650. Messages récoltés : 4047
238 topics extrait sur 7650. Messages récoltés : 4058
239 topics extrait sur 7650. Messages récoltés : 4061
WARNING : topic ">ICI  C&#039;EST  CHEZ  VOUS" contient 300 pages. Risque probable de perte de 50 messages sur 15000 pour chaque erreur ci-dessous :
          Code erreur "ConnectionResetError: [WinError 10054] An existing connection was forcibly closed by the remote host"
240 topics extrait sur 7650. Messages récoltés : 4069
Exception in thread Thread-363:
Traceback (most recent call last):
  File "C:/Users/valen/Desktop/Levothyscan-master/script.py", line 50, in run
    html = rep.read().decode('utf-8')
  File "C:\Users\valen\AppData\Local\Programs\Python\Python37-32\lib\http\client.py", line 460, in read
    s = self._safe_read(self.length)
  File "C:\Users\valen\AppData\Local\Programs\Python\Python37-32\lib\http\client.py", line 612, in _safe_read
    raise IncompleteRead(b''.join(s), amt)
http.client.IncompleteRead: IncompleteRead(7937 bytes read, 366975 more expected)

During handling of the above exception, another exception occurred:

Traceback (most recent call last):
  File "C:\Users\valen\AppData\Local\Programs\Python\Python37-32\lib\threading.py", line 917, in _bootstrap_inner
    self.run()
  File "C:/Users/valen/Desktop/Levothyscan-master/script.py", line 51, in run
    except (http.client.IncompleteRead) as e:
NameError: name 'http' is not defined

Exception in thread Thread-490:
Traceback (most recent call last):
  File "C:/Users/valen/Desktop/Levothyscan-master/script.py", line 50, in run
    html = rep.read().decode('utf-8')
  File "C:\Users\valen\AppData\Local\Programs\Python\Python37-32\lib\http\client.py", line 460, in read
    s = self._safe_read(self.length)
  File "C:\Users\valen\AppData\Local\Programs\Python\Python37-32\lib\http\client.py", line 612, in _safe_read
    raise IncompleteRead(b''.join(s), amt)
http.client.IncompleteRead: IncompleteRead(7936 bytes read, 378757 more expected)

During handling of the above exception, another exception occurred:

Traceback (most recent call last):
  File "C:\Users\valen\AppData\Local\Programs\Python\Python37-32\lib\threading.py", line 917, in _bootstrap_inner
    self.run()
  File "C:/Users/valen/Desktop/Levothyscan-master/script.py", line 51, in run
    except (http.client.IncompleteRead) as e:
NameError: name 'http' is not defined

Exception in thread Thread-370:
Traceback (most recent call last):
  File "C:/Users/valen/Desktop/Levothyscan-master/script.py", line 50, in run
    html = rep.read().decode('utf-8')
  File "C:\Users\valen\AppData\Local\Programs\Python\Python37-32\lib\http\client.py", line 460, in read
    s = self._safe_read(self.length)
  File "C:\Users\valen\AppData\Local\Programs\Python\Python37-32\lib\http\client.py", line 612, in _safe_read
    raise IncompleteRead(b''.join(s), amt)
http.client.IncompleteRead: IncompleteRead(13777 bytes read, 399395 more expected)

During handling of the above exception, another exception occurred:

Traceback (most recent call last):
  File "C:\Users\valen\AppData\Local\Programs\Python\Python37-32\lib\threading.py", line 917, in _bootstrap_inner
    self.run()
  File "C:/Users/valen/Desktop/Levothyscan-master/script.py", line 51, in run
    except (http.client.IncompleteRead) as e:
NameError: name 'http' is not defined

Exception in thread Thread-520:
Traceback (most recent call last):
  File "C:/Users/valen/Desktop/Levothyscan-master/script.py", line 50, in run
    html = rep.read().decode('utf-8')
  File "C:\Users\valen\AppData\Local\Programs\Python\Python37-32\lib\http\client.py", line 460, in read
    s = self._safe_read(self.length)
  File "C:\Users\valen\AppData\Local\Programs\Python\Python37-32\lib\http\client.py", line 612, in _safe_read
    raise IncompleteRead(b''.join(s), amt)
http.client.IncompleteRead: IncompleteRead(12316 bytes read, 447828 more expected)

During handling of the above exception, another exception occurred:

Traceback (most recent call last):
  File "C:\Users\valen\AppData\Local\Programs\Python\Python37-32\lib\threading.py", line 917, in _bootstrap_inner
    self.run()
  File "C:/Users/valen/Desktop/Levothyscan-master/script.py", line 51, in run
    except (http.client.IncompleteRead) as e:
NameError: name 'http' is not defined

Exception in thread Thread-536:
Traceback (most recent call last):
  File "C:/Users/valen/Desktop/Levothyscan-master/script.py", line 50, in run
    html = rep.read().decode('utf-8')
  File "C:\Users\valen\AppData\Local\Programs\Python\Python37-32\lib\http\client.py", line 460, in read
    s = self._safe_read(self.length)
  File "C:\Users\valen\AppData\Local\Programs\Python\Python37-32\lib\http\client.py", line 612, in _safe_read
    raise IncompleteRead(b''.join(s), amt)
http.client.IncompleteRead: IncompleteRead(19616 bytes read, 413928 more expected)

During handling of the above exception, another exception occurred:

Traceback (most recent call last):
  File "C:\Users\valen\AppData\Local\Programs\Python\Python37-32\lib\threading.py", line 917, in _bootstrap_inner
    self.run()
  File "C:/Users/valen/Desktop/Levothyscan-master/script.py", line 51, in run
    except (http.client.IncompleteRead) as e:
NameError: name 'http' is not defined

Exception in thread Thread-320:
Traceback (most recent call last):
  File "C:/Users/valen/Desktop/Levothyscan-master/script.py", line 50, in run
    html = rep.read().decode('utf-8')
  File "C:\Users\valen\AppData\Local\Programs\Python\Python37-32\lib\http\client.py", line 460, in read
    s = self._safe_read(self.length)
  File "C:\Users\valen\AppData\Local\Programs\Python\Python37-32\lib\http\client.py", line 612, in _safe_read
    raise IncompleteRead(b''.join(s), amt)
http.client.IncompleteRead: IncompleteRead(12317 bytes read, 339309 more expected)

During handling of the above exception, another exception occurred:

Traceback (most recent call last):
  File "C:\Users\valen\AppData\Local\Programs\Python\Python37-32\lib\threading.py", line 917, in _bootstrap_inner
    self.run()
  File "C:/Users/valen/Desktop/Levothyscan-master/script.py", line 51, in run
    except (http.client.IncompleteRead) as e:
NameError: name 'http' is not defined

Exception in thread Thread-487:
Traceback (most recent call last):
  File "C:/Users/valen/Desktop/Levothyscan-master/script.py", line 50, in run
    html = rep.read().decode('utf-8')
  File "C:\Users\valen\AppData\Local\Programs\Python\Python37-32\lib\http\client.py", line 460, in read
    s = self._safe_read(self.length)
  File "C:\Users\valen\AppData\Local\Programs\Python\Python37-32\lib\http\client.py", line 612, in _safe_read
    raise IncompleteRead(b''.join(s), amt)
http.client.IncompleteRead: IncompleteRead(16696 bytes read, 416758 more expected)

During handling of the above exception, another exception occurred:

Traceback (most recent call last):
  File "C:\Users\valen\AppData\Local\Programs\Python\Python37-32\lib\threading.py", line 917, in _bootstrap_inner
    self.run()
  File "C:/Users/valen/Desktop/Levothyscan-master/script.py", line 51, in run
    except (http.client.IncompleteRead) as e:
NameError: name 'http' is not defined

Exception in thread Thread-285:
Traceback (most recent call last):
  File "C:/Users/valen/Desktop/Levothyscan-master/script.py", line 50, in run
    html = rep.read().decode('utf-8')
  File "C:\Users\valen\AppData\Local\Programs\Python\Python37-32\lib\http\client.py", line 460, in read
    s = self._safe_read(self.length)
  File "C:\Users\valen\AppData\Local\Programs\Python\Python37-32\lib\http\client.py", line 612, in _safe_read
    raise IncompleteRead(b''.join(s), amt)
http.client.IncompleteRead: IncompleteRead(66337 bytes read, 294047 more expected)

During handling of the above exception, another exception occurred:

Traceback (most recent call last):
  File "C:\Users\valen\AppData\Local\Programs\Python\Python37-32\lib\threading.py", line 917, in _bootstrap_inner
    self.run()
  File "C:/Users/valen/Desktop/Levothyscan-master/script.py", line 51, in run
    except (http.client.IncompleteRead) as e:
NameError: name 'http' is not defined

Exception in thread Thread-396:
Traceback (most recent call last):
  File "C:/Users/valen/Desktop/Levothyscan-master/script.py", line 50, in run
    html = rep.read().decode('utf-8')
  File "C:\Users\valen\AppData\Local\Programs\Python\Python37-32\lib\http\client.py", line 460, in read
    s = self._safe_read(self.length)
  File "C:\Users\valen\AppData\Local\Programs\Python\Python37-32\lib\http\client.py", line 612, in _safe_read
    raise IncompleteRead(b''.join(s), amt)
http.client.IncompleteRead: IncompleteRead(34228 bytes read, 362277 more expected)

During handling of the above exception, another exception occurred:

Traceback (most recent call last):
  File "C:\Users\valen\AppData\Local\Programs\Python\Python37-32\lib\threading.py", line 917, in _bootstrap_inner
    self.run()
  File "C:/Users/valen/Desktop/Levothyscan-master/script.py", line 51, in run
    except (http.client.IncompleteRead) as e:
NameError: name 'http' is not defined

Exception in thread Thread-526:
Traceback (most recent call last):
  File "C:/Users/valen/Desktop/Levothyscan-master/script.py", line 50, in run
    html = rep.read().decode('utf-8')
  File "C:\Users\valen\AppData\Local\Programs\Python\Python37-32\lib\http\client.py", line 460, in read
    s = self._safe_read(self.length)
  File "C:\Users\valen\AppData\Local\Programs\Python\Python37-32\lib\http\client.py", line 612, in _safe_read
    raise IncompleteRead(b''.join(s), amt)
http.client.IncompleteRead: IncompleteRead(22535 bytes read, 420932 more expected)

During handling of the above exception, another exception occurred:

Traceback (most recent call last):
  File "C:\Users\valen\AppData\Local\Programs\Python\Python37-32\lib\threading.py", line 917, in _bootstrap_inner
    self.run()
  File "C:/Users/valen/Desktop/Levothyscan-master/script.py", line 51, in run
    except (http.client.IncompleteRead) as e:
NameError: name 'http' is not defined

Exception in thread Thread-378:
Traceback (most recent call last):
  File "C:/Users/valen/Desktop/Levothyscan-master/script.py", line 50, in run
    html = rep.read().decode('utf-8')
  File "C:\Users\valen\AppData\Local\Programs\Python\Python37-32\lib\http\client.py", line 460, in read
    s = self._safe_read(self.length)
  File "C:\Users\valen\AppData\Local\Programs\Python\Python37-32\lib\http\client.py", line 612, in _safe_read
    raise IncompleteRead(b''.join(s), amt)
http.client.IncompleteRead: IncompleteRead(37138 bytes read, 334327 more expected)

During handling of the above exception, another exception occurred:

Traceback (most recent call last):
  File "C:\Users\valen\AppData\Local\Programs\Python\Python37-32\lib\threading.py", line 917, in _bootstrap_inner
    self.run()
  File "C:/Users/valen/Desktop/Levothyscan-master/script.py", line 51, in run
    except (http.client.IncompleteRead) as e:
NameError: name 'http' is not defined

Exception in thread Thread-400:
Traceback (most recent call last):
  File "C:/Users/valen/Desktop/Levothyscan-master/script.py", line 50, in run
    html = rep.read().decode('utf-8')
  File "C:\Users\valen\AppData\Local\Programs\Python\Python37-32\lib\http\client.py", line 460, in read
    s = self._safe_read(self.length)
  File "C:\Users\valen\AppData\Local\Programs\Python\Python37-32\lib\http\client.py", line 612, in _safe_read
    raise IncompleteRead(b''.join(s), amt)
http.client.IncompleteRead: IncompleteRead(31297 bytes read, 353566 more expected)

During handling of the above exception, another exception occurred:

Traceback (most recent call last):
  File "C:\Users\valen\AppData\Local\Programs\Python\Python37-32\lib\threading.py", line 917, in _bootstrap_inner
    self.run()
  File "C:/Users/valen/Desktop/Levothyscan-master/script.py", line 51, in run
    except (http.client.IncompleteRead) as e:
NameError: name 'http' is not defined

Exception in thread Thread-512:
Traceback (most recent call last):
  File "C:/Users/valen/Desktop/Levothyscan-master/script.py", line 50, in run
    html = rep.read().decode('utf-8')
  File "C:\Users\valen\AppData\Local\Programs\Python\Python37-32\lib\http\client.py", line 460, in read
    s = self._safe_read(self.length)
  File "C:\Users\valen\AppData\Local\Programs\Python\Python37-32\lib\http\client.py", line 612, in _safe_read
    raise IncompleteRead(b''.join(s), amt)
http.client.IncompleteRead: IncompleteRead(40041 bytes read, 387010 more expected)

During handling of the above exception, another exception occurred:

Traceback (most recent call last):
  File "C:\Users\valen\AppData\Local\Programs\Python\Python37-32\lib\threading.py", line 917, in _bootstrap_inner
    self.run()
  File "C:/Users/valen/Desktop/Levothyscan-master/script.py", line 51, in run
    except (http.client.IncompleteRead) as e:
NameError: name 'http' is not defined

Exception in thread Thread-463:
Traceback (most recent call last):
  File "C:/Users/valen/Desktop/Levothyscan-master/script.py", line 50, in run
    html = rep.read().decode('utf-8')
  File "C:\Users\valen\AppData\Local\Programs\Python\Python37-32\lib\http\client.py", line 460, in read
    s = self._safe_read(self.length)
  File "C:\Users\valen\AppData\Local\Programs\Python\Python37-32\lib\http\client.py", line 612, in _safe_read
    raise IncompleteRead(b''.join(s), amt)
http.client.IncompleteRead: IncompleteRead(126197 bytes read, 265653 more expected)

During handling of the above exception, another exception occurred:

Traceback (most recent call last):
  File "C:\Users\valen\AppData\Local\Programs\Python\Python37-32\lib\threading.py", line 917, in _bootstrap_inner
    self.run()
  File "C:/Users/valen/Desktop/Levothyscan-master/script.py", line 51, in run
    except (http.client.IncompleteRead) as e:
NameError: name 'http' is not defined

Exception in thread Thread-386:
Traceback (most recent call last):
  File "C:/Users/valen/Desktop/Levothyscan-master/script.py", line 50, in run
    html = rep.read().decode('utf-8')
  File "C:\Users\valen\AppData\Local\Programs\Python\Python37-32\lib\http\client.py", line 460, in read
    s = self._safe_read(self.length)
  File "C:\Users\valen\AppData\Local\Programs\Python\Python37-32\lib\http\client.py", line 612, in _safe_read
    raise IncompleteRead(b''.join(s), amt)
http.client.IncompleteRead: IncompleteRead(216400 bytes read, 153070 more expected)

During handling of the above exception, another exception occurred:

Traceback (most recent call last):
  File "C:\Users\valen\AppData\Local\Programs\Python\Python37-32\lib\threading.py", line 917, in _bootstrap_inner
    self.run()
  File "C:/Users/valen/Desktop/Levothyscan-master/script.py", line 51, in run
    except (http.client.IncompleteRead) as e:
NameError: name 'http' is not defined

Exception in thread Thread-484:
Traceback (most recent call last):
  File "C:/Users/valen/Desktop/Levothyscan-master/script.py", line 50, in run
    html = rep.read().decode('utf-8')
  File "C:\Users\valen\AppData\Local\Programs\Python\Python37-32\lib\http\client.py", line 460, in read
    s = self._safe_read(self.length)
  File "C:\Users\valen\AppData\Local\Programs\Python\Python37-32\lib\http\client.py", line 612, in _safe_read
    raise IncompleteRead(b''.join(s), amt)
http.client.IncompleteRead: IncompleteRead(18158 bytes read, 379470 more expected)

During handling of the above exception, another exception occurred:

Traceback (most recent call last):
  File "C:\Users\valen\AppData\Local\Programs\Python\Python37-32\lib\threading.py", line 917, in _bootstrap_inner
    self.run()
  File "C:/Users/valen/Desktop/Levothyscan-master/script.py", line 51, in run
    except (http.client.IncompleteRead) as e:
NameError: name 'http' is not defined

Exception in thread Thread-270:
Traceback (most recent call last):
  File "C:/Users/valen/Desktop/Levothyscan-master/script.py", line 50, in run
    html = rep.read().decode('utf-8')
  File "C:\Users\valen\AppData\Local\Programs\Python\Python37-32\lib\http\client.py", line 460, in read
    s = self._safe_read(self.length)
  File "C:\Users\valen\AppData\Local\Programs\Python\Python37-32\lib\http\client.py", line 612, in _safe_read
    raise IncompleteRead(b''.join(s), amt)
http.client.IncompleteRead: IncompleteRead(45897 bytes read, 304103 more expected)

During handling of the above exception, another exception occurred:

Traceback (most recent call last):
  File "C:\Users\valen\AppData\Local\Programs\Python\Python37-32\lib\threading.py", line 917, in _bootstrap_inner
    self.run()
  File "C:/Users/valen/Desktop/Levothyscan-master/script.py", line 51, in run
    except (http.client.IncompleteRead) as e:
NameError: name 'http' is not defined

Exception in thread Thread-546:
Traceback (most recent call last):
  File "C:/Users/valen/Desktop/Levothyscan-master/script.py", line 50, in run
    html = rep.read().decode('utf-8')
  File "C:\Users\valen\AppData\Local\Programs\Python\Python37-32\lib\http\client.py", line 460, in read
    s = self._safe_read(self.length)
  File "C:\Users\valen\AppData\Local\Programs\Python\Python37-32\lib\http\client.py", line 612, in _safe_read
    raise IncompleteRead(b''.join(s), amt)
http.client.IncompleteRead: IncompleteRead(44436 bytes read, 370286 more expected)

During handling of the above exception, another exception occurred:

Traceback (most recent call last):
  File "C:\Users\valen\AppData\Local\Programs\Python\Python37-32\lib\threading.py", line 917, in _bootstrap_inner
    self.run()
  File "C:/Users/valen/Desktop/Levothyscan-master/script.py", line 51, in run
    except (http.client.IncompleteRead) as e:
NameError: name 'http' is not defined

Exception in thread Thread-439:
Traceback (most recent call last):
  File "C:/Users/valen/Desktop/Levothyscan-master/script.py", line 50, in run
    html = rep.read().decode('utf-8')
  File "C:\Users\valen\AppData\Local\Programs\Python\Python37-32\lib\http\client.py", line 460, in read
    s = self._safe_read(self.length)
  File "C:\Users\valen\AppData\Local\Programs\Python\Python37-32\lib\http\client.py", line 612, in _safe_read
    raise IncompleteRead(b''.join(s), amt)
http.client.IncompleteRead: IncompleteRead(113057 bytes read, 297917 more expected)

During handling of the above exception, another exception occurred:

Traceback (most recent call last):
  File "C:\Users\valen\AppData\Local\Programs\Python\Python37-32\lib\threading.py", line 917, in _bootstrap_inner
    self.run()
  File "C:/Users/valen/Desktop/Levothyscan-master/script.py", line 51, in run
    except (http.client.IncompleteRead) as e:
NameError: name 'http' is not defined

Exception in thread Thread-527:
Traceback (most recent call last):
  File "C:/Users/valen/Desktop/Levothyscan-master/script.py", line 50, in run
    html = rep.read().decode('utf-8')
  File "C:\Users\valen\AppData\Local\Programs\Python\Python37-32\lib\http\client.py", line 460, in read
    s = self._safe_read(self.length)
  File "C:\Users\valen\AppData\Local\Programs\Python\Python37-32\lib\http\client.py", line 612, in _safe_read
    raise IncompleteRead(b''.join(s), amt)
http.client.IncompleteRead: IncompleteRead(321837 bytes read, 159425 more expected)

During handling of the above exception, another exception occurred:

Traceback (most recent call last):
  File "C:\Users\valen\AppData\Local\Programs\Python\Python37-32\lib\threading.py", line 917, in _bootstrap_inner
    self.run()
  File "C:/Users/valen/Desktop/Levothyscan-master/script.py", line 51, in run
    except (http.client.IncompleteRead) as e:
NameError: name 'http' is not defined

Exception in thread Thread-323:
Traceback (most recent call last):
  File "C:/Users/valen/Desktop/Levothyscan-master/script.py", line 50, in run
    html = rep.read().decode('utf-8')
  File "C:\Users\valen\AppData\Local\Programs\Python\Python37-32\lib\http\client.py", line 460, in read
    s = self._safe_read(self.length)
  File "C:\Users\valen\AppData\Local\Programs\Python\Python37-32\lib\http\client.py", line 612, in _safe_read
    raise IncompleteRead(b''.join(s), amt)
http.client.IncompleteRead: IncompleteRead(141292 bytes read, 238052 more expected)

During handling of the above exception, another exception occurred:

Traceback (most recent call last):
  File "C:\Users\valen\AppData\Local\Programs\Python\Python37-32\lib\threading.py", line 917, in _bootstrap_inner
    self.run()
  File "C:/Users/valen/Desktop/Levothyscan-master/script.py", line 51, in run
    except (http.client.IncompleteRead) as e:
NameError: name 'http' is not defined

Exception in thread Thread-345:
Traceback (most recent call last):
  File "C:/Users/valen/Desktop/Levothyscan-master/script.py", line 50, in run
    html = rep.read().decode('utf-8')
  File "C:\Users\valen\AppData\Local\Programs\Python\Python37-32\lib\http\client.py", line 460, in read
    s = self._safe_read(self.length)
  File "C:\Users\valen\AppData\Local\Programs\Python\Python37-32\lib\http\client.py", line 612, in _safe_read
    raise IncompleteRead(b''.join(s), amt)
http.client.IncompleteRead: IncompleteRead(18158 bytes read, 333678 more expected)

During handling of the above exception, another exception occurred:

Traceback (most recent call last):
  File "C:\Users\valen\AppData\Local\Programs\Python\Python37-32\lib\threading.py", line 917, in _bootstrap_inner
    self.run()
  File "C:/Users/valen/Desktop/Levothyscan-master/script.py", line 51, in run
    except (http.client.IncompleteRead) as e:
NameError: name 'http' is not defined

Exception in thread Thread-426:
Traceback (most recent call last):
  File "C:/Users/valen/Desktop/Levothyscan-master/script.py", line 50, in run
    html = rep.read().decode('utf-8')
  File "C:\Users\valen\AppData\Local\Programs\Python\Python37-32\lib\http\client.py", line 460, in read
    s = self._safe_read(self.length)
  File "C:\Users\valen\AppData\Local\Programs\Python\Python37-32\lib\http\client.py", line 612, in _safe_read
    raise IncompleteRead(b''.join(s), amt)
http.client.IncompleteRead: IncompleteRead(172918 bytes read, 221043 more expected)

During handling of the above exception, another exception occurred:

Traceback (most recent call last):
  File "C:\Users\valen\AppData\Local\Programs\Python\Python37-32\lib\threading.py", line 917, in _bootstrap_inner
    self.run()
  File "C:/Users/valen/Desktop/Levothyscan-master/script.py", line 51, in run
    except (http.client.IncompleteRead) as e:
NameError: name 'http' is not defined

Exception in thread Thread-382:
Traceback (most recent call last):
  File "C:/Users/valen/Desktop/Levothyscan-master/script.py", line 50, in run
    html = rep.read().decode('utf-8')
  File "C:\Users\valen\AppData\Local\Programs\Python\Python37-32\lib\http\client.py", line 460, in read
    s = self._safe_read(self.length)
  File "C:\Users\valen\AppData\Local\Programs\Python\Python37-32\lib\http\client.py", line 612, in _safe_read
    raise IncompleteRead(b''.join(s), amt)
http.client.IncompleteRead: IncompleteRead(9397 bytes read, 379378 more expected)

During handling of the above exception, another exception occurred:

Traceback (most recent call last):
  File "C:\Users\valen\AppData\Local\Programs\Python\Python37-32\lib\threading.py", line 917, in _bootstrap_inner
    self.run()
  File "C:/Users/valen/Desktop/Levothyscan-master/script.py", line 51, in run
    except (http.client.IncompleteRead) as e:
NameError: name 'http' is not defined

Exception in thread Thread-366:
Traceback (most recent call last):
  File "C:/Users/valen/Desktop/Levothyscan-master/script.py", line 50, in run
    html = rep.read().decode('utf-8')
  File "C:\Users\valen\AppData\Local\Programs\Python\Python37-32\lib\http\client.py", line 460, in read
    s = self._safe_read(self.length)
  File "C:\Users\valen\AppData\Local\Programs\Python\Python37-32\lib\http\client.py", line 612, in _safe_read
    raise IncompleteRead(b''.join(s), amt)
http.client.IncompleteRead: IncompleteRead(45881 bytes read, 351136 more expected)

During handling of the above exception, another exception occurred:

Traceback (most recent call last):
  File "C:\Users\valen\AppData\Local\Programs\Python\Python37-32\lib\threading.py", line 917, in _bootstrap_inner
    self.run()
  File "C:/Users/valen/Desktop/Levothyscan-master/script.py", line 51, in run
    except (http.client.IncompleteRead) as e:
NameError: name 'http' is not defined

Exception in thread Thread-269:
Traceback (most recent call last):
  File "C:/Users/valen/Desktop/Levothyscan-master/script.py", line 50, in run
    html = rep.read().decode('utf-8')
  File "C:\Users\valen\AppData\Local\Programs\Python\Python37-32\lib\http\client.py", line 460, in read
    s = self._safe_read(self.length)
  File "C:\Users\valen\AppData\Local\Programs\Python\Python37-32\lib\http\client.py", line 612, in _safe_read
    raise IncompleteRead(b''.join(s), amt)
http.client.IncompleteRead: IncompleteRead(50277 bytes read, 323982 more expected)

During handling of the above exception, another exception occurred:

Traceback (most recent call last):
  File "C:\Users\valen\AppData\Local\Programs\Python\Python37-32\lib\threading.py", line 917, in _bootstrap_inner
    self.run()
  File "C:/Users/valen/Desktop/Levothyscan-master/script.py", line 51, in run
    except (http.client.IncompleteRead) as e:
NameError: name 'http' is not defined

Exception in thread Thread-399:
Traceback (most recent call last):
  File "C:/Users/valen/Desktop/Levothyscan-master/script.py", line 50, in run
    html = rep.read().decode('utf-8')
  File "C:\Users\valen\AppData\Local\Programs\Python\Python37-32\lib\http\client.py", line 460, in read
    s = self._safe_read(self.length)
  File "C:\Users\valen\AppData\Local\Programs\Python\Python37-32\lib\http\client.py", line 612, in _safe_read
    raise IncompleteRead(b''.join(s), amt)
http.client.IncompleteRead: IncompleteRead(148098 bytes read, 249813 more expected)

During handling of the above exception, another exception occurred:

Traceback (most recent call last):
  File "C:\Users\valen\AppData\Local\Programs\Python\Python37-32\lib\threading.py", line 917, in _bootstrap_inner
    self.run()
  File "C:/Users/valen/Desktop/Levothyscan-master/script.py", line 51, in run
    except (http.client.IncompleteRead) as e:
NameError: name 'http' is not defined

